c:\users\imanolgo-pc\documents\github\instagramdress\openframeworks\instagramdressapp\obj\release\ofxfpsplotter.obj
c:\users\imanolgo-pc\documents\github\instagramdress\openframeworks\instagramdressapp\obj\release\ofxtabbedpages.obj
c:\users\imanolgo-pc\documents\github\instagramdress\openframeworks\instagramdressapp\obj\release\ofxsimpletimer.obj
c:\users\imanolgo-pc\documents\github\instagramdress\openframeworks\instagramdressapp\obj\release\cameraanimations.obj
c:\users\imanolgo-pc\documents\github\instagramdress\openframeworks\instagramdressapp\obj\release\viewmanager.obj
c:\users\imanolgo-pc\documents\github\instagramdress\openframeworks\instagramdressapp\obj\release\appmanager.obj
c:\users\imanolgo-pc\documents\github\instagramdress\openframeworks\instagramdressapp\obj\release\ofxbutton.obj
c:\users\imanolgo-pc\documents\github\instagramdress\openframeworks\instagramdressapp\obj\release\ofxslider.obj
c:\users\imanolgo-pc\documents\github\instagramdress\openframeworks\instagramdressapp\obj\release\ofxguibasedraws.obj
c:\users\imanolgo-pc\documents\github\instagramdress\openframeworks\instagramdressapp\obj\release\ofxrotaryslider.obj
c:\users\imanolgo-pc\documents\github\instagramdress\openframeworks\instagramdressapp\obj\release\svgtiny_gradient.obj
c:\users\imanolgo-pc\documents\github\instagramdress\openframeworks\instagramdressapp\obj\release\ofxeasingbounce.obj
c:\users\imanolgo-pc\documents\github\instagramdress\openframeworks\instagramdressapp\obj\release\ofxeasingcubic.obj
c:\users\imanolgo-pc\documents\github\instagramdress\openframeworks\instagramdressapp\obj\release\ofxeasingexpo.obj
c:\users\imanolgo-pc\documents\github\instagramdress\openframeworks\instagramdressapp\obj\release\ofxeasingsine.obj
c:\users\imanolgo-pc\documents\github\instagramdress\openframeworks\instagramdressapp\obj\release\ofutf8.obj
c:\users\imanolgo-pc\documents\github\instagramdress\openframeworks\instagramdressapp\obj\release\resourcemanager.obj
c:\users\imanolgo-pc\documents\github\instagramdress\openframeworks\instagramdressapp\obj\release\visualeffects.obj
c:\users\imanolgo-pc\documents\github\instagramdress\openframeworks\instagramdressapp\obj\release\blankscene.obj
c:\users\imanolgo-pc\documents\github\instagramdress\openframeworks\instagramdressapp\obj\release\ofxpanel.obj
c:\users\imanolgo-pc\documents\github\instagramdress\openframeworks\instagramdressapp\obj\release\ofxudpmanager.obj
c:\users\imanolgo-pc\documents\github\instagramdress\openframeworks\instagramdressapp\obj\release\ofxguipage.obj
c:\users\imanolgo-pc\documents\github\instagramdress\openframeworks\instagramdressapp\obj\release\ofxvalueplotter.obj
c:\users\imanolgo-pc\documents\github\instagramdress\openframeworks\instagramdressapp\obj\release\src_colors.obj
c:\users\imanolgo-pc\documents\github\instagramdress\openframeworks\instagramdressapp\obj\release\svgtiny_list.obj
c:\users\imanolgo-pc\documents\github\instagramdress\openframeworks\instagramdressapp\obj\release\ofxeasinglinear.obj
c:\users\imanolgo-pc\documents\github\instagramdress\openframeworks\instagramdressapp\obj\release\ofxeasingquint.obj
c:\users\imanolgo-pc\documents\github\instagramdress\openframeworks\instagramdressapp\obj\release\ofunicode.obj
c:\users\imanolgo-pc\documents\github\instagramdress\openframeworks\instagramdressapp\obj\release\lightmanager.obj
c:\users\imanolgo-pc\documents\github\instagramdress\openframeworks\instagramdressapp\obj\release\textvisual.obj
c:\users\imanolgo-pc\documents\github\instagramdress\openframeworks\instagramdressapp\obj\release\keyboardmanager.obj
c:\users\imanolgo-pc\documents\github\instagramdress\openframeworks\instagramdressapp\obj\release\defaultscene.obj
c:\users\imanolgo-pc\documents\github\instagramdress\openframeworks\instagramdressapp\obj\release\ofxtoggle.obj
c:\users\imanolgo-pc\documents\github\instagramdress\openframeworks\instagramdressapp\obj\release\ofxguimatrix.obj
c:\users\imanolgo-pc\documents\github\instagramdress\openframeworks\instagramdressapp\obj\release\ofxpanelextended.obj
c:\users\imanolgo-pc\documents\github\instagramdress\openframeworks\instagramdressapp\obj\release\ofxjsonelement.obj
c:\users\imanolgo-pc\documents\github\instagramdress\openframeworks\instagramdressapp\obj\release\ofxeasingelastic.obj
c:\users\imanolgo-pc\documents\github\instagramdress\openframeworks\instagramdressapp\obj\release\ofxeasingquart.obj
c:\users\imanolgo-pc\documents\github\instagramdress\openframeworks\instagramdressapp\obj\release\oftextconverter.obj
c:\users\imanolgo-pc\documents\github\instagramdress\openframeworks\instagramdressapp\obj\release\cameramanager.obj
c:\users\imanolgo-pc\documents\github\instagramdress\openframeworks\instagramdressapp\obj\release\svgvisual.obj
c:\users\imanolgo-pc\documents\github\instagramdress\openframeworks\instagramdressapp\obj\release\guimanager.obj
c:\users\imanolgo-pc\documents\github\instagramdress\openframeworks\instagramdressapp\obj\release\scenemanager.obj
c:\users\imanolgo-pc\documents\github\instagramdress\openframeworks\instagramdressapp\obj\release\ofxtcpserver.obj
c:\users\imanolgo-pc\documents\github\instagramdress\openframeworks\instagramdressapp\obj\release\ofxguizoomablebasedraws.obj
c:\users\imanolgo-pc\documents\github\instagramdress\openframeworks\instagramdressapp\obj\release\ofxmasterslavecontrol.obj
c:\users\imanolgo-pc\documents\github\instagramdress\openframeworks\instagramdressapp\obj\release\ofxtruetypefontuc.obj
c:\users\imanolgo-pc\documents\github\instagramdress\openframeworks\instagramdressapp\obj\release\imagevisual.obj
c:\users\imanolgo-pc\documents\github\instagramdress\openframeworks\instagramdressapp\obj\release\visualeffectsmanager.obj
c:\users\imanolgo-pc\documents\github\instagramdress\openframeworks\instagramdressapp\obj\release\instagramdressapp.obj
c:\users\imanolgo-pc\documents\github\instagramdress\openframeworks\instagramdressapp\obj\release\ofxguigroup.obj
c:\users\imanolgo-pc\documents\github\instagramdress\openframeworks\instagramdressapp\obj\release\ofxguispacer.obj
c:\users\imanolgo-pc\documents\github\instagramdress\openframeworks\instagramdressapp\obj\release\ofxminimalbutton.obj
c:\users\imanolgo-pc\documents\github\instagramdress\openframeworks\instagramdressapp\obj\release\jsoncpp.obj
c:\users\imanolgo-pc\documents\github\instagramdress\openframeworks\instagramdressapp\obj\release\svgtiny.obj
c:\users\imanolgo-pc\documents\github\instagramdress\openframeworks\instagramdressapp\obj\release\ofxeasing.obj
c:\users\imanolgo-pc\documents\github\instagramdress\openframeworks\instagramdressapp\obj\release\ofxeasingback.obj
c:\users\imanolgo-pc\documents\github\instagramdress\openframeworks\instagramdressapp\obj\release\ofxeasingcirc.obj
c:\users\imanolgo-pc\documents\github\instagramdress\openframeworks\instagramdressapp\obj\release\ofxeasingquad.obj
c:\users\imanolgo-pc\documents\github\instagramdress\openframeworks\instagramdressapp\obj\release\ofxtween.obj
c:\users\imanolgo-pc\documents\github\instagramdress\openframeworks\instagramdressapp\obj\release\imagevisual3d.obj
c:\users\imanolgo-pc\documents\github\instagramdress\openframeworks\instagramdressapp\obj\release\instagrammanager.obj
c:\users\imanolgo-pc\documents\github\instagramdress\openframeworks\instagramdressapp\obj\release\settingsmanager.obj
c:\users\imanolgo-pc\documents\github\instagramdress\openframeworks\instagramdressapp\obj\release\ofxlabel.obj
c:\users\imanolgo-pc\documents\github\instagramdress\openframeworks\instagramdressapp\obj\release\ofxtcpmanager.obj
c:\users\imanolgo-pc\documents\github\instagramdress\openframeworks\instagramdressapp\obj\release\ofxguigroupextended.obj
c:\users\imanolgo-pc\documents\github\instagramdress\openframeworks\instagramdressapp\obj\release\ofxverticalslider.obj
c:\users\imanolgo-pc\documents\github\instagramdress\openframeworks\instagramdressapp\obj\release\ofxsvg.obj
c:\users\imanolgo-pc\documents\github\instagramdress\openframeworks\instagramdressapp\obj\release\enginefont.obj
c:\users\imanolgo-pc\documents\github\instagramdress\openframeworks\instagramdressapp\obj\release\videovisual.obj
c:\users\imanolgo-pc\documents\github\instagramdress\openframeworks\instagramdressapp\obj\release\layoutmanager.obj
c:\users\imanolgo-pc\documents\github\instagramdress\openframeworks\instagramdressapp\obj\release\ofxbasegui.obj
c:\users\imanolgo-pc\documents\github\instagramdress\openframeworks\instagramdressapp\obj\release\ofxslidergroup.obj
c:\users\imanolgo-pc\documents\github\instagramdress\openframeworks\instagramdressapp\obj\release\ofxlabelextended.obj
c:\users\imanolgo-pc\documents\github\instagramdress\openframeworks\instagramdressapp\obj\release\ofxminimaltoggle.obj
c:\users\imanolgo-pc\documents\github\instagramdress\openframeworks\instagramdressapp\obj\release\ofxscenemanager.obj
c:\users\imanolgo-pc\documents\github\instagramdress\openframeworks\instagramdressapp\obj\release\cameraanimationsmanager.obj
c:\users\imanolgo-pc\documents\github\instagramdress\openframeworks\instagramdressapp\obj\release\rectanglevisual.obj
c:\users\imanolgo-pc\documents\github\instagramdress\openframeworks\instagramdressapp\obj\release\udpmanager.obj
c:\users\imanolgo-pc\documents\github\instagramdress\openframeworks\instagramdressapp\obj\release\hashtagscene.obj
c:\users\imanolgo-pc\documents\github\instagramdress\openframeworks\instagramdressapp\obj\release\ofxtcpclient.obj
c:\users\imanolgo-pc\documents\github\instagramdress\openframeworks\instagramdressapp\obj\release\vc140.pdb
c:\users\imanolgo-pc\documents\github\instagramdress\openframeworks\instagramdressapp\obj\release\instagra.7fd42df7.tlog\cl.command.1.tlog
c:\users\imanolgo-pc\documents\github\instagramdress\openframeworks\instagramdressapp\obj\release\instagra.7fd42df7.tlog\cl.read.1.tlog
c:\users\imanolgo-pc\documents\github\instagramdress\openframeworks\instagramdressapp\obj\release\instagra.7fd42df7.tlog\cl.write.1.tlog
